<?xml version="1.0" encoding="UTF-8"?>
<!-- Generated by org.testng.reporters.JUnitXMLReporter -->
<testsuite ignored="3" hostname="BiLap103-PC" failures="0" tests="1" name="Default test" time="18.044" errors="0" timestamp="2021-08-09T01:36:18 EET">
  <testcase classname="tests.SearchTest" name="checkResultDisplayed" time="5.58"/>
  <testcase classname="tests.SearchTest" name="checkSearchSuggest" time="0.0">
    <ignored/>
  </testcase> <!-- checkSearchSuggest -->
  <testcase classname="tests.SearchTest" name="checkSearchWithOutKeyWord" time="0.0">
    <ignored/>
  </testcase> <!-- checkSearchWithOutKeyWord -->
  <testcase classname="tests.SearchTest" name="checkSpecificResultDisplayed" time="0.0">
    <ignored/>
  </testcase> <!-- checkSpecificResultDisplayed -->
</testsuite> <!-- Default test -->
