<?xml version="1.0" encoding="UTF-8"?>
<testng-results ignored="3" total="4" passed="1" failed="0" skipped="0">
  <reporter-output>
  </reporter-output>
  <suite started-at="2021-08-09T01:36:00 EET" name="Default suite" finished-at="2021-08-09T01:36:18 EET" duration-ms="18044">
    <groups>
    </groups>
    <test started-at="2021-08-09T01:36:00 EET" name="Default test" finished-at="2021-08-09T01:36:18 EET" duration-ms="18044">
      <class name="tests.SearchTest">
        <test-method is-config="true" signature="BeforeTest()[pri:0, instance:tests.SearchTest@7e9131d5]" started-at="2021-08-09T01:36:00 EET" name="BeforeTest" finished-at="2021-08-09T01:36:12 EET" duration-ms="12399" status="PASS">
          <reporter-output>
          </reporter-output>
        </test-method> <!-- BeforeTest -->
        <test-method signature="checkResultDisplayed(java.lang.String)[pri:0, instance:tests.SearchTest@7e9131d5]" started-at="2021-08-09T01:36:12 EET" name="checkResultDisplayed" data-provider="checkResultDisplayed" finished-at="2021-08-09T01:36:18 EET" duration-ms="5580" status="PASS">
          <params>
            <param index="0">
              <value>
                <![CDATA[hi]]>
              </value>
            </param>
          </params>
          <reporter-output>
          </reporter-output>
        </test-method> <!-- checkResultDisplayed -->
      </class> <!-- tests.SearchTest -->
    </test> <!-- Default test -->
  </suite> <!-- Default suite -->
</testng-results>
